# JRE version: OpenJDK Runtime Environment GraalVM CE 22.3.0 (17.0.5+8) (build 17.0.5+8-jvmci-22.3-b08)
# Java VM: OpenJDK 64-Bit Server VM GraalVM CE 22.3.0 (17.0.5+8-jvmci-22.3-b08, mixed mode, sharing, tiered, jvmci, jvmci compiler, compressed oops, compressed class ptrs, parallel gc, linux-amd64)
GC Precious Log:
 CPUs: 8 total, 1 available
 Memory: 3215M
 Large Page Support: Disabled
 NUMA Support: Disabled
 Compressed Oops: Enabled (32-bit)
 Alignments: Space 512K, Generation 512K, Heap 2M
 Heap Min Capacity: 100M
 Heap Initial Capacity: 100M
 Heap Max Capacity: 512M
 Pre-touch: Disabled
 Parallel Workers: 1
Heap:
 PSYoungGen      total 47104K, used 37888K [0x00000000f5580000, 0x00000000f8e80000, 0x0000000100000000)
  eden space 37888K, 100% used [0x00000000f5580000,0x00000000f7a80000,0x00000000f7a80000)
  from space 9216K, 0% used [0x00000000f7d80000,0x00000000f7d80000,0x00000000f8680000)
  to   space 8192K, 0% used [0x00000000f8680000,0x00000000f8680000,0x00000000f8e80000)
 ParOldGen       total 349696K, used 349695K [0x00000000e0000000, 0x00000000f5580000, 0x00000000f5580000)
  object space 349696K, 99% used [0x00000000e0000000,0x00000000f557fea0,0x00000000f5580000)
 Metaspace       used 52973K, committed 53888K, reserved 1097728K
  class space    used 5226K, committed 5632K, reserved 1048576K
GC Heap History (20 events):
Event: 312.787 GC heap before
{Heap before GC invocations=721 (full 616):
 PSYoungGen      total 47104K, used 37887K [0x00000000f5580000, 0x00000000f8e80000, 0x0000000100000000)
  eden space 37888K, 99% used [0x00000000f5580000,0x00000000f7a7fff0,0x00000000f7a80000)
  from space 9216K, 0% used [0x00000000f7d80000,0x00000000f7d80000,0x00000000f8680000)
  to   space 8192K, 0% used [0x00000000f8680000,0x00000000f8680000,0x00000000f8e80000)
 ParOldGen       total 349696K, used 349692K [0x00000000e0000000, 0x00000000f5580000, 0x00000000f5580000)
  object space 349696K, 99% used [0x00000000e0000000,0x00000000f557f238,0x00000000f5580000)
 Metaspace       used 52973K, committed 53888K, reserved 1097728K
  class space    used 5226K, committed 5632K, reserved 1048576K
}
Event: 313.257 GC heap after
{Heap after GC invocations=721 (full 616):
 PSYoungGen      total 46080K, used 37887K [0x00000000f5580000, 0x00000000f8e80000, 0x0000000100000000)
  eden space 37888K, 99% used [0x00000000f5580000,0x00000000f7a7fff0,0x00000000f7a80000)
  from space 8192K, 0% used [0x00000000f8680000,0x00000000f8680000,0x00000000f8e80000)
  to   space 9216K, 0% used [0x00000000f7d80000,0x00000000f7d80000,0x00000000f8680000)
 ParOldGen       total 349696K, used 349692K [0x00000000e0000000, 0x00000000f5580000, 0x00000000f5580000)
  object space 349696K, 99% used [0x00000000e0000000,0x00000000f557f238,0x00000000f5580000)
 Metaspace       used 52973K, committed 53888K, reserved 1097728K
  class space    used 5226K, committed 5632K, reserved 1048576K
}
Event: 313.257 GC heap before
{Heap before GC invocations=722 (full 617):
 PSYoungGen      total 46080K, used 37888K [0x00000000f5580000, 0x00000000f8e80000, 0x0000000100000000)
  eden space 37888K, 100% used [0x00000000f5580000,0x00000000f7a80000,0x00000000f7a80000)
  from space 8192K, 0% used [0x00000000f8680000,0x00000000f8680000,0x00000000f8e80000)
  to   space 9216K, 0% used [0x00000000f7d80000,0x00000000f7d80000,0x00000000f8680000)
 ParOldGen       total 349696K, used 349695K [0x00000000e0000000, 0x00000000f5580000, 0x00000000f5580000)
  object space 349696K, 99% used [0x00000000e0000000,0x00000000f557fc30,0x00000000f5580000)
 Metaspace       used 52973K, committed 53888K, reserved 1097728K
  class space    used 5226K, committed 5632K, reserved 1048576K
}
Event: 313.712 GC heap after
{Heap after GC invocations=722 (full 617):
 PSYoungGen      total 47104K, used 37887K [0x00000000f5580000, 0x00000000f8e80000, 0x0000000100000000)
  eden space 37888K, 99% used [0x00000000f5580000,0x00000000f7a7ff70,0x00000000f7a80000)
  from space 9216K, 0% used [0x00000000f7d80000,0x00000000f7d80000,0x00000000f8680000)
  to   space 8192K, 0% used [0x00000000f8680000,0x00000000f8680000,0x00000000f8e80000)
 ParOldGen       total 349696K, used 349693K [0x00000000e0000000, 0x00000000f5580000, 0x00000000f5580000)
  object space 349696K, 99% used [0x00000000e0000000,0x00000000f557f658,0x00000000f5580000)
 Metaspace       used 52973K, committed 53888K, reserved 1097728K
  class space    used 5226K, committed 5632K, reserved 1048576K
}
Event: 313.713 GC heap before
{Heap before GC invocations=723 (full 618):
 PSYoungGen      total 47104K, used 37888K [0x00000000f5580000, 0x00000000f8e80000, 0x0000000100000000)
  eden space 37888K, 100% used [0x00000000f5580000,0x00000000f7a80000,0x00000000f7a80000)
  from space 9216K, 0% used [0x00000000f7d80000,0x00000000f7d80000,0x00000000f8680000)
  to   space 8192K, 0% used [0x00000000f8680000,0x00000000f8680000,0x00000000f8e80000)
 ParOldGen       total 349696K, used 349693K [0x00000000e0000000, 0x00000000f5580000, 0x00000000f5580000)
  object space 349696K, 99% used [0x00000000e0000000,0x00000000f557f658,0x00000000f5580000)
 Metaspace       used 52973K, committed 53888K, reserved 1097728K
  class space    used 5226K, committed 5632K, reserved 1048576K
}
Event: 314.151 GC heap after
{Heap after GC invocations=723 (full 618):
 PSYoungGen      total 46080K, used 37888K [0x00000000f5580000, 0x00000000f8e80000, 0x0000000100000000)
  eden space 37888K, 100% used [0x00000000f5580000,0x00000000f7a80000,0x00000000f7a80000)
  from space 8192K, 0% used [0x00000000f8680000,0x00000000f8680000,0x00000000f8e80000)
  to   space 9216K, 0% used [0x00000000f7d80000,0x00000000f7d80000,0x00000000f8680000)
 ParOldGen       total 349696K, used 349693K [0x00000000e0000000, 0x00000000f5580000, 0x00000000f5580000)
  object space 349696K, 99% used [0x00000000e0000000,0x00000000f557f5b8,0x00000000f5580000)
 Metaspace       used 52973K, committed 53888K, reserved 1097728K
  class space    used 5226K, committed 5632K, reserved 1048576K
}
Event: 314.151 GC heap before
{Heap before GC invocations=724 (full 619):
 PSYoungGen      total 46080K, used 37888K [0x00000000f5580000, 0x00000000f8e80000, 0x0000000100000000)
  eden space 37888K, 100% used [0x00000000f5580000,0x00000000f7a80000,0x00000000f7a80000)
  from space 8192K, 0% used [0x00000000f8680000,0x00000000f8680000,0x00000000f8e80000)
  to   space 9216K, 0% used [0x00000000f7d80000,0x00000000f7d80000,0x00000000f8680000)
 ParOldGen       total 349696K, used 349695K [0x00000000e0000000, 0x00000000f5580000, 0x00000000f5580000)
  object space 349696K, 99% used [0x00000000e0000000,0x00000000f557ff80,0x00000000f5580000)
 Metaspace       used 52973K, committed 53888K, reserved 1097728K
  class space    used 5226K, committed 5632K, reserved 1048576K
}
Event: 314.584 GC heap after
{Heap after GC invocations=724 (full 619):
 PSYoungGen      total 47104K, used 37888K [0x00000000f5580000, 0x00000000f8e80000, 0x0000000100000000)
  eden space 37888K, 100% used [0x00000000f5580000,0x00000000f7a80000,0x00000000f7a80000)
  from space 9216K, 0% used [0x00000000f7d80000,0x00000000f7d80000,0x00000000f8680000)
  to   space 8192K, 0% used [0x00000000f8680000,0x00000000f8680000,0x00000000f8e80000)
 ParOldGen       total 349696K, used 349694K [0x00000000e0000000, 0x00000000f5580000, 0x00000000f5580000)
  object space 349696K, 99% used [0x00000000e0000000,0x00000000f557fa48,0x00000000f5580000)
 Metaspace       used 52973K, committed 53888K, reserved 1097728K
  class space    used 5226K, committed 5632K, reserved 1048576K
}
Event: 314.585 GC heap before
{Heap before GC invocations=725 (full 620):
 PSYoungGen      total 47104K, used 37888K [0x00000000f5580000, 0x00000000f8e80000, 0x0000000100000000)
  eden space 37888K, 100% used [0x00000000f5580000,0x00000000f7a80000,0x00000000f7a80000)
  from space 9216K, 0% used [0x00000000f7d80000,0x00000000f7d80000,0x00000000f8680000)
  to   space 8192K, 0% used [0x00000000f8680000,0x00000000f8680000,0x00000000f8e80000)
 ParOldGen       total 349696K, used 349695K [0x00000000e0000000, 0x00000000f5580000, 0x00000000f5580000)
  object space 349696K, 99% used [0x00000000e0000000,0x00000000f557fff8,0x00000000f5580000)
 Metaspace       used 52973K, committed 53888K, reserved 1097728K
  class space    used 5226K, committed 5632K, reserved 1048576K
}
Event: 315.012 GC heap after
{Heap after GC invocations=725 (full 620):
 PSYoungGen      total 46080K, used 37888K [0x00000000f5580000, 0x00000000f8e80000, 0x0000000100000000)
  eden space 37888K, 100% used [0x00000000f5580000,0x00000000f7a80000,0x00000000f7a80000)
  from space 8192K, 0% used [0x00000000f8680000,0x00000000f8680000,0x00000000f8e80000)
  to   space 9216K, 0% used [0x00000000f7d80000,0x00000000f7d80000,0x00000000f8680000)
 ParOldGen       total 349696K, used 349695K [0x00000000e0000000, 0x00000000f5580000, 0x00000000f5580000)
  object space 349696K, 99% used [0x00000000e0000000,0x00000000f557fc10,0x00000000f5580000)
 Metaspace       used 52973K, committed 53888K, reserved 1097728K
  class space    used 5226K, committed 5632K, reserved 1048576K
}
Event: 315.012 GC heap before
{Heap before GC invocations=726 (full 621):
 PSYoungGen      total 46080K, used 37888K [0x00000000f5580000, 0x00000000f8e80000, 0x0000000100000000)
  eden space 37888K, 100% used [0x00000000f5580000,0x00000000f7a80000,0x00000000f7a80000)
  from space 8192K, 0% used [0x00000000f8680000,0x00000000f8680000,0x00000000f8e80000)
  to   space 9216K, 0% used [0x00000000f7d80000,0x00000000f7d80000,0x00000000f8680000)
 ParOldGen       total 349696K, used 349695K [0x00000000e0000000, 0x00000000f5580000, 0x00000000f5580000)
  object space 349696K, 99% used [0x00000000e0000000,0x00000000f557ffe8,0x00000000f5580000)
 Metaspace       used 52973K, committed 53888K, reserved 1097728K
  class space    used 5226K, committed 5632K, reserved 1048576K
}
Event: 315.429 GC heap after
{Heap after GC invocations=726 (full 621):
 PSYoungGen      total 47104K, used 37888K [0x00000000f5580000, 0x00000000f8e80000, 0x0000000100000000)
  eden space 37888K, 100% used [0x00000000f5580000,0x00000000f7a80000,0x00000000f7a80000)
  from space 9216K, 0% used [0x00000000f7d80000,0x00000000f7d80000,0x00000000f8680000)
  to   space 8192K, 0% used [0x00000000f8680000,0x00000000f8680000,0x00000000f8e80000)
 ParOldGen       total 349696K, used 349695K [0x00000000e0000000, 0x00000000f5580000, 0x00000000f5580000)
  object space 349696K, 99% used [0x00000000e0000000,0x00000000f557fde8,0x00000000f5580000)
 Metaspace       used 52973K, committed 53888K, reserved 1097728K
  class space    used 5226K, committed 5632K, reserved 1048576K
}
Event: 315.430 GC heap before
{Heap before GC invocations=727 (full 622):
 PSYoungGen      total 47104K, used 37888K [0x00000000f5580000, 0x00000000f8e80000, 0x0000000100000000)
  eden space 37888K, 100% used [0x00000000f5580000,0x00000000f7a80000,0x00000000f7a80000)
  from space 9216K, 0% used [0x00000000f7d80000,0x00000000f7d80000,0x00000000f8680000)
  to   space 8192K, 0% used [0x00000000f8680000,0x00000000f8680000,0x00000000f8e80000)
 ParOldGen       total 349696K, used 349696K [0x00000000e0000000, 0x00000000f5580000, 0x00000000f5580000)
  object space 349696K, 100% used [0x00000000e0000000,0x00000000f5580000,0x00000000f5580000)
 Metaspace       used 52973K, committed 53888K, reserved 1097728K
  class space    used 5226K, committed 5632K, reserved 1048576K
}
Event: 315.845 GC heap after
{Heap after GC invocations=727 (full 622):
 PSYoungGen      total 46080K, used 37888K [0x00000000f5580000, 0x00000000f8e80000, 0x0000000100000000)
  eden space 37888K, 100% used [0x00000000f5580000,0x00000000f7a80000,0x00000000f7a80000)
  from space 8192K, 0% used [0x00000000f8680000,0x00000000f8680000,0x00000000f8e80000)
  to   space 9216K, 0% used [0x00000000f7d80000,0x00000000f7d80000,0x00000000f8680000)
 ParOldGen       total 349696K, used 349695K [0x00000000e0000000, 0x00000000f5580000, 0x00000000f5580000)
  object space 349696K, 99% used [0x00000000e0000000,0x00000000f557fc48,0x00000000f5580000)
 Metaspace       used 52973K, committed 53888K, reserved 1097728K
  class space    used 5226K, committed 5632K, reserved 1048576K
}
Event: 315.845 GC heap before
{Heap before GC invocations=728 (full 623):
 PSYoungGen      total 46080K, used 37888K [0x00000000f5580000, 0x00000000f8e80000, 0x0000000100000000)
  eden space 37888K, 100% used [0x00000000f5580000,0x00000000f7a80000,0x00000000f7a80000)
  from space 8192K, 0% used [0x00000000f8680000,0x00000000f8680000,0x00000000f8e80000)
  to   space 9216K, 0% used [0x00000000f7d80000,0x00000000f7d80000,0x00000000f8680000)
 ParOldGen       total 349696K, used 349695K [0x00000000e0000000, 0x00000000f5580000, 0x00000000f5580000)
  object space 349696K, 99% used [0x00000000e0000000,0x00000000f557fcd0,0x00000000f5580000)
 Metaspace       used 52973K, committed 53888K, reserved 1097728K
  class space    used 5226K, committed 5632K, reserved 1048576K
}
Event: 316.244 GC heap after
{Heap after GC invocations=728 (full 623):
 PSYoungGen      total 47104K, used 37888K [0x00000000f5580000, 0x00000000f8e80000, 0x0000000100000000)
  eden space 37888K, 100% used [0x00000000f5580000,0x00000000f7a80000,0x00000000f7a80000)
  from space 9216K, 0% used [0x00000000f7d80000,0x00000000f7d80000,0x00000000f8680000)
  to   space 8192K, 0% used [0x00000000f8680000,0x00000000f8680000,0x00000000f8e80000)
 ParOldGen       total 349696K, used 349695K [0x00000000e0000000, 0x00000000f5580000, 0x00000000f5580000)
  object space 349696K, 99% used [0x00000000e0000000,0x00000000f557fc08,0x00000000f5580000)
 Metaspace       used 52973K, committed 53888K, reserved 1097728K
  class space    used 5226K, committed 5632K, reserved 1048576K
}
Event: 316.245 GC heap before
{Heap before GC invocations=729 (full 624):
 PSYoungGen      total 47104K, used 37888K [0x00000000f5580000, 0x00000000f8e80000, 0x0000000100000000)
  eden space 37888K, 100% used [0x00000000f5580000,0x00000000f7a80000,0x00000000f7a80000)
  from space 9216K, 0% used [0x00000000f7d80000,0x00000000f7d80000,0x00000000f8680000)
  to   space 8192K, 0% used [0x00000000f8680000,0x00000000f8680000,0x00000000f8e80000)
 ParOldGen       total 349696K, used 349695K [0x00000000e0000000, 0x00000000f5580000, 0x00000000f5580000)
  object space 349696K, 99% used [0x00000000e0000000,0x00000000f557fca0,0x00000000f5580000)
 Metaspace       used 52973K, committed 53888K, reserved 1097728K
  class space    used 5226K, committed 5632K, reserved 1048576K
}
Event: 316.677 GC heap after
{Heap after GC invocations=729 (full 624):
 PSYoungGen      total 46080K, used 37888K [0x00000000f5580000, 0x00000000f8e80000, 0x0000000100000000)
  eden space 37888K, 100% used [0x00000000f5580000,0x00000000f7a80000,0x00000000f7a80000)
  from space 8192K, 0% used [0x00000000f8680000,0x00000000f8680000,0x00000000f8e80000)
  to   space 9216K, 0% used [0x00000000f7d80000,0x00000000f7d80000,0x00000000f8680000)
 ParOldGen       total 349696K, used 349695K [0x00000000e0000000, 0x00000000f5580000, 0x00000000f5580000)
  object space 349696K, 99% used [0x00000000e0000000,0x00000000f557fc68,0x00000000f5580000)
 Metaspace       used 52973K, committed 53888K, reserved 1097728K
  class space    used 5226K, committed 5632K, reserved 1048576K
}
Event: 316.677 GC heap before
{Heap before GC invocations=730 (full 625):
 PSYoungGen      total 46080K, used 37888K [0x00000000f5580000, 0x00000000f8e80000, 0x0000000100000000)
  eden space 37888K, 100% used [0x00000000f5580000,0x00000000f7a80000,0x00000000f7a80000)
  from space 8192K, 0% used [0x00000000f8680000,0x00000000f8680000,0x00000000f8e80000)
  to   space 9216K, 0% used [0x00000000f7d80000,0x00000000f7d80000,0x00000000f8680000)
 ParOldGen       total 349696K, used 349695K [0x00000000e0000000, 0x00000000f5580000, 0x00000000f5580000)
  object space 349696K, 99% used [0x00000000e0000000,0x00000000f557fc68,0x00000000f5580000)
 Metaspace       used 52973K, committed 53888K, reserved 1097728K
  class space    used 5226K, committed 5632K, reserved 1048576K
}
Event: 317.119 GC heap after
{Heap after GC invocations=730 (full 625):
 PSYoungGen      total 47104K, used 37887K [0x00000000f5580000, 0x00000000f8e80000, 0x0000000100000000)
  eden space 37888K, 99% used [0x00000000f5580000,0x00000000f7a7fe00,0x00000000f7a80000)
  from space 9216K, 0% used [0x00000000f7d80000,0x00000000f7d80000,0x00000000f8680000)
  to   space 8192K, 0% used [0x00000000f8680000,0x00000000f8680000,0x00000000f8e80000)
 ParOldGen       total 349696K, used 349694K [0x00000000e0000000, 0x00000000f5580000, 0x00000000f5580000)
  object space 349696K, 99% used [0x00000000e0000000,0x00000000f557f8a0,0x00000000f5580000)
 Metaspace       used 52973K, committed 53888K, reserved 1097728K
  class space    used 5226K, committed 5632K, reserved 1048576K
}

